2023-05-17 23:06:58 [[31merror[39m]: uncaughtException Converting circular structure to JSON
    --> starting at object with constructor 'ClientRequest'
    |     property 'res' -> object with constructor 'IncomingMessage'
    --- property 'req' closes the circle {
  "stack": "TypeError: Converting circular structure to JSON\n    --> starting at object with constructor 'ClientRequest'\n    |     property 'res' -> object with constructor 'IncomingMessage'\n    --- property 'req' closes the circle\n    at JSON.stringify (<anonymous>)\n    at Printf.template (/Users/shubhambakhal/BE_Project/backend/src/utils/logger.ts:28:87)\n    at Printf.transform (/Users/shubhambakhal/BE_Project/backend/node_modules/logform/printf.js:11:26)\n    at Format.transform (/Users/shubhambakhal/BE_Project/backend/node_modules/logform/combine.js:20:24)\n    at File._write (/Users/shubhambakhal/BE_Project/backend/node_modules/winston-transport/index.js:91:33)\n    at doWrite (/Users/shubhambakhal/BE_Project/backend/node_modules/readable-stream/lib/_stream_writable.js:389:139)\n    at writeOrBuffer (/Users/shubhambakhal/BE_Project/backend/node_modules/readable-stream/lib/_stream_writable.js:380:5)\n    at File.Writable.write (/Users/shubhambakhal/BE_Project/backend/node_modules/readable-stream/lib/_stream_writable.js:301:11)\n    at DerivedLogger.ondata (/Users/shubhambakhal/BE_Project/backend/node_modules/readable-stream/lib/_stream_readable.js:629:20)\n    at DerivedLogger.emit (node:events:513:28)"
}
2023-05-17 23:08:06 [[31merror[39m]: uncaughtException Converting circular structure to JSON
    --> starting at object with constructor 'ClientRequest'
    |     property 'res' -> object with constructor 'IncomingMessage'
    --- property 'req' closes the circle {
  "stack": "TypeError: Converting circular structure to JSON\n    --> starting at object with constructor 'ClientRequest'\n    |     property 'res' -> object with constructor 'IncomingMessage'\n    --- property 'req' closes the circle\n    at JSON.stringify (<anonymous>)\n    at Printf.template (/Users/shubhambakhal/BE_Project/backend/src/utils/logger.ts:28:87)\n    at Printf.transform (/Users/shubhambakhal/BE_Project/backend/node_modules/logform/printf.js:11:26)\n    at Format.transform (/Users/shubhambakhal/BE_Project/backend/node_modules/logform/combine.js:20:24)\n    at File._write (/Users/shubhambakhal/BE_Project/backend/node_modules/winston-transport/index.js:91:33)\n    at doWrite (/Users/shubhambakhal/BE_Project/backend/node_modules/readable-stream/lib/_stream_writable.js:389:139)\n    at writeOrBuffer (/Users/shubhambakhal/BE_Project/backend/node_modules/readable-stream/lib/_stream_writable.js:380:5)\n    at File.Writable.write (/Users/shubhambakhal/BE_Project/backend/node_modules/readable-stream/lib/_stream_writable.js:301:11)\n    at DerivedLogger.ondata (/Users/shubhambakhal/BE_Project/backend/node_modules/readable-stream/lib/_stream_readable.js:629:20)\n    at DerivedLogger.emit (node:events:513:28)"
}
2023-05-17 23:08:19 [[31merror[39m]: uncaughtException Converting circular structure to JSON
    --> starting at object with constructor 'ClientRequest'
    |     property 'res' -> object with constructor 'IncomingMessage'
    --- property 'req' closes the circle {
  "stack": "TypeError: Converting circular structure to JSON\n    --> starting at object with constructor 'ClientRequest'\n    |     property 'res' -> object with constructor 'IncomingMessage'\n    --- property 'req' closes the circle\n    at JSON.stringify (<anonymous>)\n    at Printf.template (/Users/shubhambakhal/BE_Project/backend/src/utils/logger.ts:28:87)\n    at Printf.transform (/Users/shubhambakhal/BE_Project/backend/node_modules/logform/printf.js:11:26)\n    at Format.transform (/Users/shubhambakhal/BE_Project/backend/node_modules/logform/combine.js:20:24)\n    at File._write (/Users/shubhambakhal/BE_Project/backend/node_modules/winston-transport/index.js:91:33)\n    at doWrite (/Users/shubhambakhal/BE_Project/backend/node_modules/readable-stream/lib/_stream_writable.js:389:139)\n    at writeOrBuffer (/Users/shubhambakhal/BE_Project/backend/node_modules/readable-stream/lib/_stream_writable.js:380:5)\n    at File.Writable.write (/Users/shubhambakhal/BE_Project/backend/node_modules/readable-stream/lib/_stream_writable.js:301:11)\n    at DerivedLogger.ondata (/Users/shubhambakhal/BE_Project/backend/node_modules/readable-stream/lib/_stream_readable.js:629:20)\n    at DerivedLogger.emit (node:events:513:28)"
}
2023-05-17 23:10:43 [[31merror[39m]: uncaughtException Converting circular structure to JSON
    --> starting at object with constructor 'ClientRequest'
    |     property 'res' -> object with constructor 'IncomingMessage'
    --- property 'req' closes the circle {
  "stack": "TypeError: Converting circular structure to JSON\n    --> starting at object with constructor 'ClientRequest'\n    |     property 'res' -> object with constructor 'IncomingMessage'\n    --- property 'req' closes the circle\n    at JSON.stringify (<anonymous>)\n    at Printf.template (/Users/shubhambakhal/BE_Project/backend/src/utils/logger.ts:28:87)\n    at Printf.transform (/Users/shubhambakhal/BE_Project/backend/node_modules/logform/printf.js:11:26)\n    at Format.transform (/Users/shubhambakhal/BE_Project/backend/node_modules/logform/combine.js:20:24)\n    at File._write (/Users/shubhambakhal/BE_Project/backend/node_modules/winston-transport/index.js:91:33)\n    at doWrite (/Users/shubhambakhal/BE_Project/backend/node_modules/readable-stream/lib/_stream_writable.js:389:139)\n    at writeOrBuffer (/Users/shubhambakhal/BE_Project/backend/node_modules/readable-stream/lib/_stream_writable.js:380:5)\n    at File.Writable.write (/Users/shubhambakhal/BE_Project/backend/node_modules/readable-stream/lib/_stream_writable.js:301:11)\n    at DerivedLogger.ondata (/Users/shubhambakhal/BE_Project/backend/node_modules/readable-stream/lib/_stream_readable.js:629:20)\n    at DerivedLogger.emit (node:events:513:28)"
}
2023-05-17 23:11:46 [[31merror[39m]: uncaughtException Converting circular structure to JSON
    --> starting at object with constructor 'ClientRequest'
    |     property 'res' -> object with constructor 'IncomingMessage'
    --- property 'req' closes the circle {
  "stack": "TypeError: Converting circular structure to JSON\n    --> starting at object with constructor 'ClientRequest'\n    |     property 'res' -> object with constructor 'IncomingMessage'\n    --- property 'req' closes the circle\n    at JSON.stringify (<anonymous>)\n    at Printf.template (/Users/shubhambakhal/BE_Project/backend/src/utils/logger.ts:28:87)\n    at Printf.transform (/Users/shubhambakhal/BE_Project/backend/node_modules/logform/printf.js:11:26)\n    at Format.transform (/Users/shubhambakhal/BE_Project/backend/node_modules/logform/combine.js:20:24)\n    at File._write (/Users/shubhambakhal/BE_Project/backend/node_modules/winston-transport/index.js:91:33)\n    at doWrite (/Users/shubhambakhal/BE_Project/backend/node_modules/readable-stream/lib/_stream_writable.js:389:139)\n    at writeOrBuffer (/Users/shubhambakhal/BE_Project/backend/node_modules/readable-stream/lib/_stream_writable.js:380:5)\n    at File.Writable.write (/Users/shubhambakhal/BE_Project/backend/node_modules/readable-stream/lib/_stream_writable.js:301:11)\n    at DerivedLogger.ondata (/Users/shubhambakhal/BE_Project/backend/node_modules/readable-stream/lib/_stream_readable.js:629:20)\n    at DerivedLogger.emit (node:events:513:28)"
}
2023-05-17 23:12:27 [[31merror[39m]: uncaughtException Converting circular structure to JSON
    --> starting at object with constructor 'ClientRequest'
    |     property 'res' -> object with constructor 'IncomingMessage'
    --- property 'req' closes the circle {
  "stack": "TypeError: Converting circular structure to JSON\n    --> starting at object with constructor 'ClientRequest'\n    |     property 'res' -> object with constructor 'IncomingMessage'\n    --- property 'req' closes the circle\n    at JSON.stringify (<anonymous>)\n    at Printf.template (/Users/shubhambakhal/BE_Project/backend/src/utils/logger.ts:28:87)\n    at Printf.transform (/Users/shubhambakhal/BE_Project/backend/node_modules/logform/printf.js:11:26)\n    at Format.transform (/Users/shubhambakhal/BE_Project/backend/node_modules/logform/combine.js:20:24)\n    at File._write (/Users/shubhambakhal/BE_Project/backend/node_modules/winston-transport/index.js:91:33)\n    at doWrite (/Users/shubhambakhal/BE_Project/backend/node_modules/readable-stream/lib/_stream_writable.js:389:139)\n    at writeOrBuffer (/Users/shubhambakhal/BE_Project/backend/node_modules/readable-stream/lib/_stream_writable.js:380:5)\n    at File.Writable.write (/Users/shubhambakhal/BE_Project/backend/node_modules/readable-stream/lib/_stream_writable.js:301:11)\n    at DerivedLogger.ondata (/Users/shubhambakhal/BE_Project/backend/node_modules/readable-stream/lib/_stream_readable.js:629:20)\n    at DerivedLogger.emit (node:events:513:28)"
}
2023-05-17 23:12:40 [[31merror[39m]: uncaughtException Converting circular structure to JSON
    --> starting at object with constructor 'ClientRequest'
    |     property 'res' -> object with constructor 'IncomingMessage'
    --- property 'req' closes the circle {
  "stack": "TypeError: Converting circular structure to JSON\n    --> starting at object with constructor 'ClientRequest'\n    |     property 'res' -> object with constructor 'IncomingMessage'\n    --- property 'req' closes the circle\n    at JSON.stringify (<anonymous>)\n    at Printf.template (/Users/shubhambakhal/BE_Project/backend/src/utils/logger.ts:28:87)\n    at Printf.transform (/Users/shubhambakhal/BE_Project/backend/node_modules/logform/printf.js:11:26)\n    at Format.transform (/Users/shubhambakhal/BE_Project/backend/node_modules/logform/combine.js:20:24)\n    at File._write (/Users/shubhambakhal/BE_Project/backend/node_modules/winston-transport/index.js:91:33)\n    at doWrite (/Users/shubhambakhal/BE_Project/backend/node_modules/readable-stream/lib/_stream_writable.js:389:139)\n    at writeOrBuffer (/Users/shubhambakhal/BE_Project/backend/node_modules/readable-stream/lib/_stream_writable.js:380:5)\n    at File.Writable.write (/Users/shubhambakhal/BE_Project/backend/node_modules/readable-stream/lib/_stream_writable.js:301:11)\n    at DerivedLogger.ondata (/Users/shubhambakhal/BE_Project/backend/node_modules/readable-stream/lib/_stream_readable.js:629:20)\n    at DerivedLogger.emit (node:events:513:28)"
}
2023-05-17 23:13:25 [[31merror[39m]: uncaughtException Converting circular structure to JSON
    --> starting at object with constructor 'ClientRequest'
    |     property 'res' -> object with constructor 'IncomingMessage'
    --- property 'req' closes the circle {
  "stack": "TypeError: Converting circular structure to JSON\n    --> starting at object with constructor 'ClientRequest'\n    |     property 'res' -> object with constructor 'IncomingMessage'\n    --- property 'req' closes the circle\n    at JSON.stringify (<anonymous>)\n    at Printf.template (/Users/shubhambakhal/BE_Project/backend/src/utils/logger.ts:28:87)\n    at Printf.transform (/Users/shubhambakhal/BE_Project/backend/node_modules/logform/printf.js:11:26)\n    at Format.transform (/Users/shubhambakhal/BE_Project/backend/node_modules/logform/combine.js:20:24)\n    at File._write (/Users/shubhambakhal/BE_Project/backend/node_modules/winston-transport/index.js:91:33)\n    at doWrite (/Users/shubhambakhal/BE_Project/backend/node_modules/readable-stream/lib/_stream_writable.js:389:139)\n    at writeOrBuffer (/Users/shubhambakhal/BE_Project/backend/node_modules/readable-stream/lib/_stream_writable.js:380:5)\n    at File.Writable.write (/Users/shubhambakhal/BE_Project/backend/node_modules/readable-stream/lib/_stream_writable.js:301:11)\n    at DerivedLogger.ondata (/Users/shubhambakhal/BE_Project/backend/node_modules/readable-stream/lib/_stream_readable.js:629:20)\n    at DerivedLogger.emit (node:events:513:28)"
}
2023-05-17 23:14:06 [[31merror[39m]: uncaughtException Converting circular structure to JSON
    --> starting at object with constructor 'ClientRequest'
    |     property 'res' -> object with constructor 'IncomingMessage'
    --- property 'req' closes the circle {
  "stack": "TypeError: Converting circular structure to JSON\n    --> starting at object with constructor 'ClientRequest'\n    |     property 'res' -> object with constructor 'IncomingMessage'\n    --- property 'req' closes the circle\n    at JSON.stringify (<anonymous>)\n    at Printf.template (/Users/shubhambakhal/BE_Project/backend/src/utils/logger.ts:28:87)\n    at Printf.transform (/Users/shubhambakhal/BE_Project/backend/node_modules/logform/printf.js:11:26)\n    at Format.transform (/Users/shubhambakhal/BE_Project/backend/node_modules/logform/combine.js:20:24)\n    at File._write (/Users/shubhambakhal/BE_Project/backend/node_modules/winston-transport/index.js:91:33)\n    at doWrite (/Users/shubhambakhal/BE_Project/backend/node_modules/readable-stream/lib/_stream_writable.js:389:139)\n    at writeOrBuffer (/Users/shubhambakhal/BE_Project/backend/node_modules/readable-stream/lib/_stream_writable.js:380:5)\n    at File.Writable.write (/Users/shubhambakhal/BE_Project/backend/node_modules/readable-stream/lib/_stream_writable.js:301:11)\n    at DerivedLogger.ondata (/Users/shubhambakhal/BE_Project/backend/node_modules/readable-stream/lib/_stream_readable.js:629:20)\n    at DerivedLogger.emit (node:events:513:28)"
}
2023-05-17 23:14:53 [[31merror[39m]: uncaughtException Converting circular structure to JSON
    --> starting at object with constructor 'ClientRequest'
    |     property 'res' -> object with constructor 'IncomingMessage'
    --- property 'req' closes the circle {
  "stack": "TypeError: Converting circular structure to JSON\n    --> starting at object with constructor 'ClientRequest'\n    |     property 'res' -> object with constructor 'IncomingMessage'\n    --- property 'req' closes the circle\n    at JSON.stringify (<anonymous>)\n    at Printf.template (/Users/shubhambakhal/BE_Project/backend/src/utils/logger.ts:28:87)\n    at Printf.transform (/Users/shubhambakhal/BE_Project/backend/node_modules/logform/printf.js:11:26)\n    at Format.transform (/Users/shubhambakhal/BE_Project/backend/node_modules/logform/combine.js:20:24)\n    at File._write (/Users/shubhambakhal/BE_Project/backend/node_modules/winston-transport/index.js:91:33)\n    at doWrite (/Users/shubhambakhal/BE_Project/backend/node_modules/readable-stream/lib/_stream_writable.js:389:139)\n    at writeOrBuffer (/Users/shubhambakhal/BE_Project/backend/node_modules/readable-stream/lib/_stream_writable.js:380:5)\n    at File.Writable.write (/Users/shubhambakhal/BE_Project/backend/node_modules/readable-stream/lib/_stream_writable.js:301:11)\n    at DerivedLogger.ondata (/Users/shubhambakhal/BE_Project/backend/node_modules/readable-stream/lib/_stream_readable.js:629:20)\n    at DerivedLogger.emit (node:events:513:28)"
}
2023-05-17 23:15:15 [[31merror[39m]: uncaughtException Converting circular structure to JSON
    --> starting at object with constructor 'ClientRequest'
    |     property 'res' -> object with constructor 'IncomingMessage'
    --- property 'req' closes the circle {
  "stack": "TypeError: Converting circular structure to JSON\n    --> starting at object with constructor 'ClientRequest'\n    |     property 'res' -> object with constructor 'IncomingMessage'\n    --- property 'req' closes the circle\n    at JSON.stringify (<anonymous>)\n    at Printf.template (/Users/shubhambakhal/BE_Project/backend/src/utils/logger.ts:28:87)\n    at Printf.transform (/Users/shubhambakhal/BE_Project/backend/node_modules/logform/printf.js:11:26)\n    at Format.transform (/Users/shubhambakhal/BE_Project/backend/node_modules/logform/combine.js:20:24)\n    at File._write (/Users/shubhambakhal/BE_Project/backend/node_modules/winston-transport/index.js:91:33)\n    at doWrite (/Users/shubhambakhal/BE_Project/backend/node_modules/readable-stream/lib/_stream_writable.js:389:139)\n    at writeOrBuffer (/Users/shubhambakhal/BE_Project/backend/node_modules/readable-stream/lib/_stream_writable.js:380:5)\n    at File.Writable.write (/Users/shubhambakhal/BE_Project/backend/node_modules/readable-stream/lib/_stream_writable.js:301:11)\n    at DerivedLogger.ondata (/Users/shubhambakhal/BE_Project/backend/node_modules/readable-stream/lib/_stream_readable.js:629:20)\n    at DerivedLogger.emit (node:events:513:28)"
}
2023-05-17 23:17:26 [[31merror[39m]: uncaughtException Converting circular structure to JSON
    --> starting at object with constructor 'ClientRequest'
    |     property 'res' -> object with constructor 'IncomingMessage'
    --- property 'req' closes the circle {
  "stack": "TypeError: Converting circular structure to JSON\n    --> starting at object with constructor 'ClientRequest'\n    |     property 'res' -> object with constructor 'IncomingMessage'\n    --- property 'req' closes the circle\n    at JSON.stringify (<anonymous>)\n    at Printf.template (/Users/shubhambakhal/BE_Project/backend/src/utils/logger.ts:28:87)\n    at Printf.transform (/Users/shubhambakhal/BE_Project/backend/node_modules/logform/printf.js:11:26)\n    at Format.transform (/Users/shubhambakhal/BE_Project/backend/node_modules/logform/combine.js:20:24)\n    at File._write (/Users/shubhambakhal/BE_Project/backend/node_modules/winston-transport/index.js:91:33)\n    at doWrite (/Users/shubhambakhal/BE_Project/backend/node_modules/readable-stream/lib/_stream_writable.js:389:139)\n    at writeOrBuffer (/Users/shubhambakhal/BE_Project/backend/node_modules/readable-stream/lib/_stream_writable.js:380:5)\n    at File.Writable.write (/Users/shubhambakhal/BE_Project/backend/node_modules/readable-stream/lib/_stream_writable.js:301:11)\n    at DerivedLogger.ondata (/Users/shubhambakhal/BE_Project/backend/node_modules/readable-stream/lib/_stream_readable.js:629:20)\n    at DerivedLogger.emit (node:events:513:28)"
}
2023-05-17 23:18:02 [[31merror[39m]: uncaughtException Converting circular structure to JSON
    --> starting at object with constructor 'ClientRequest'
    |     property 'res' -> object with constructor 'IncomingMessage'
    --- property 'req' closes the circle {
  "stack": "TypeError: Converting circular structure to JSON\n    --> starting at object with constructor 'ClientRequest'\n    |     property 'res' -> object with constructor 'IncomingMessage'\n    --- property 'req' closes the circle\n    at JSON.stringify (<anonymous>)\n    at Printf.template (/Users/shubhambakhal/BE_Project/backend/src/utils/logger.ts:28:87)\n    at Printf.transform (/Users/shubhambakhal/BE_Project/backend/node_modules/logform/printf.js:11:26)\n    at Format.transform (/Users/shubhambakhal/BE_Project/backend/node_modules/logform/combine.js:20:24)\n    at File._write (/Users/shubhambakhal/BE_Project/backend/node_modules/winston-transport/index.js:91:33)\n    at doWrite (/Users/shubhambakhal/BE_Project/backend/node_modules/readable-stream/lib/_stream_writable.js:389:139)\n    at writeOrBuffer (/Users/shubhambakhal/BE_Project/backend/node_modules/readable-stream/lib/_stream_writable.js:380:5)\n    at File.Writable.write (/Users/shubhambakhal/BE_Project/backend/node_modules/readable-stream/lib/_stream_writable.js:301:11)\n    at DerivedLogger.ondata (/Users/shubhambakhal/BE_Project/backend/node_modules/readable-stream/lib/_stream_readable.js:629:20)\n    at DerivedLogger.emit (node:events:513:28)"
}
2023-05-17 23:19:55 [[31merror[39m]: uncaughtException Converting circular structure to JSON
    --> starting at object with constructor 'ClientRequest'
    |     property 'res' -> object with constructor 'IncomingMessage'
    --- property 'req' closes the circle {
  "stack": "TypeError: Converting circular structure to JSON\n    --> starting at object with constructor 'ClientRequest'\n    |     property 'res' -> object with constructor 'IncomingMessage'\n    --- property 'req' closes the circle\n    at JSON.stringify (<anonymous>)\n    at Printf.template (/Users/shubhambakhal/BE_Project/backend/src/utils/logger.ts:28:87)\n    at Printf.transform (/Users/shubhambakhal/BE_Project/backend/node_modules/logform/printf.js:11:26)\n    at Format.transform (/Users/shubhambakhal/BE_Project/backend/node_modules/logform/combine.js:20:24)\n    at File._write (/Users/shubhambakhal/BE_Project/backend/node_modules/winston-transport/index.js:91:33)\n    at doWrite (/Users/shubhambakhal/BE_Project/backend/node_modules/readable-stream/lib/_stream_writable.js:389:139)\n    at writeOrBuffer (/Users/shubhambakhal/BE_Project/backend/node_modules/readable-stream/lib/_stream_writable.js:380:5)\n    at File.Writable.write (/Users/shubhambakhal/BE_Project/backend/node_modules/readable-stream/lib/_stream_writable.js:301:11)\n    at DerivedLogger.ondata (/Users/shubhambakhal/BE_Project/backend/node_modules/readable-stream/lib/_stream_readable.js:629:20)\n    at DerivedLogger.emit (node:events:513:28)"
}
2023-05-17 23:20:42 [[31merror[39m]: uncaughtException Converting circular structure to JSON
    --> starting at object with constructor 'ClientRequest'
    |     property 'res' -> object with constructor 'IncomingMessage'
    --- property 'req' closes the circle {
  "stack": "TypeError: Converting circular structure to JSON\n    --> starting at object with constructor 'ClientRequest'\n    |     property 'res' -> object with constructor 'IncomingMessage'\n    --- property 'req' closes the circle\n    at JSON.stringify (<anonymous>)\n    at Printf.template (/Users/shubhambakhal/BE_Project/backend/src/utils/logger.ts:28:87)\n    at Printf.transform (/Users/shubhambakhal/BE_Project/backend/node_modules/logform/printf.js:11:26)\n    at Format.transform (/Users/shubhambakhal/BE_Project/backend/node_modules/logform/combine.js:20:24)\n    at File._write (/Users/shubhambakhal/BE_Project/backend/node_modules/winston-transport/index.js:91:33)\n    at doWrite (/Users/shubhambakhal/BE_Project/backend/node_modules/readable-stream/lib/_stream_writable.js:389:139)\n    at writeOrBuffer (/Users/shubhambakhal/BE_Project/backend/node_modules/readable-stream/lib/_stream_writable.js:380:5)\n    at File.Writable.write (/Users/shubhambakhal/BE_Project/backend/node_modules/readable-stream/lib/_stream_writable.js:301:11)\n    at DerivedLogger.ondata (/Users/shubhambakhal/BE_Project/backend/node_modules/readable-stream/lib/_stream_readable.js:629:20)\n    at DerivedLogger.emit (node:events:513:28)"
}
2023-05-17 23:22:07 [[31merror[39m]: uncaughtException Converting circular structure to JSON
    --> starting at object with constructor 'ClientRequest'
    |     property 'res' -> object with constructor 'IncomingMessage'
    --- property 'req' closes the circle {
  "stack": "TypeError: Converting circular structure to JSON\n    --> starting at object with constructor 'ClientRequest'\n    |     property 'res' -> object with constructor 'IncomingMessage'\n    --- property 'req' closes the circle\n    at JSON.stringify (<anonymous>)\n    at Printf.template (/Users/shubhambakhal/BE_Project/backend/src/utils/logger.ts:28:87)\n    at Printf.transform (/Users/shubhambakhal/BE_Project/backend/node_modules/logform/printf.js:11:26)\n    at Format.transform (/Users/shubhambakhal/BE_Project/backend/node_modules/logform/combine.js:20:24)\n    at File._write (/Users/shubhambakhal/BE_Project/backend/node_modules/winston-transport/index.js:91:33)\n    at doWrite (/Users/shubhambakhal/BE_Project/backend/node_modules/readable-stream/lib/_stream_writable.js:389:139)\n    at writeOrBuffer (/Users/shubhambakhal/BE_Project/backend/node_modules/readable-stream/lib/_stream_writable.js:380:5)\n    at File.Writable.write (/Users/shubhambakhal/BE_Project/backend/node_modules/readable-stream/lib/_stream_writable.js:301:11)\n    at DerivedLogger.ondata (/Users/shubhambakhal/BE_Project/backend/node_modules/readable-stream/lib/_stream_readable.js:629:20)\n    at DerivedLogger.emit (node:events:513:28)"
}
2023-05-17 23:23:00 [[31merror[39m]: uncaughtException Converting circular structure to JSON
    --> starting at object with constructor 'ClientRequest'
    |     property 'res' -> object with constructor 'IncomingMessage'
    --- property 'req' closes the circle {
  "stack": "TypeError: Converting circular structure to JSON\n    --> starting at object with constructor 'ClientRequest'\n    |     property 'res' -> object with constructor 'IncomingMessage'\n    --- property 'req' closes the circle\n    at JSON.stringify (<anonymous>)\n    at Printf.template (/Users/shubhambakhal/BE_Project/backend/src/utils/logger.ts:28:87)\n    at Printf.transform (/Users/shubhambakhal/BE_Project/backend/node_modules/logform/printf.js:11:26)\n    at Format.transform (/Users/shubhambakhal/BE_Project/backend/node_modules/logform/combine.js:20:24)\n    at File._write (/Users/shubhambakhal/BE_Project/backend/node_modules/winston-transport/index.js:91:33)\n    at doWrite (/Users/shubhambakhal/BE_Project/backend/node_modules/readable-stream/lib/_stream_writable.js:389:139)\n    at writeOrBuffer (/Users/shubhambakhal/BE_Project/backend/node_modules/readable-stream/lib/_stream_writable.js:380:5)\n    at File.Writable.write (/Users/shubhambakhal/BE_Project/backend/node_modules/readable-stream/lib/_stream_writable.js:301:11)\n    at DerivedLogger.ondata (/Users/shubhambakhal/BE_Project/backend/node_modules/readable-stream/lib/_stream_readable.js:629:20)\n    at DerivedLogger.emit (node:events:513:28)"
}
2023-05-17 23:39:47 [[31merror[39m]: uncaughtException listen EADDRINUSE: address already in use :::4000 {
  "code": "EADDRINUSE",
  "errno": -48,
  "syscall": "listen",
  "address": "::",
  "port": 4000,
  "stack": "Error: listen EADDRINUSE: address already in use :::4000\n    at Server.setupListenHandle [as _listen2] (node:net:1468:16)\n    at listenInCluster (node:net:1516:12)\n    at Server.listen (node:net:1604:7)\n    at Object.<anonymous> (/Users/shubhambakhal/BE_Project/backend/src/index.ts:134:8)\n    at Module._compile (node:internal/modules/cjs/loader:1218:14)\n    at Module.m._compile (/Users/shubhambakhal/BE_Project/backend/node_modules/ts-node/src/index.ts:1618:23)\n    at Module._extensions..js (node:internal/modules/cjs/loader:1272:10)\n    at Object.require.extensions.<computed> [as .ts] (/Users/shubhambakhal/BE_Project/backend/node_modules/ts-node/src/index.ts:1621:12)\n    at Module.load (node:internal/modules/cjs/loader:1081:32)\n    at Function.Module._load (node:internal/modules/cjs/loader:922:12)"
}
2023-05-17 23:39:53 [[31merror[39m]: uncaughtException Converting circular structure to JSON
    --> starting at object with constructor 'ClientRequest'
    |     property 'res' -> object with constructor 'IncomingMessage'
    --- property 'req' closes the circle {
  "stack": "TypeError: Converting circular structure to JSON\n    --> starting at object with constructor 'ClientRequest'\n    |     property 'res' -> object with constructor 'IncomingMessage'\n    --- property 'req' closes the circle\n    at JSON.stringify (<anonymous>)\n    at Printf.template (/Users/shubhambakhal/BE_Project/backend/src/utils/logger.ts:28:87)\n    at Printf.transform (/Users/shubhambakhal/BE_Project/backend/node_modules/logform/printf.js:11:26)\n    at Format.transform (/Users/shubhambakhal/BE_Project/backend/node_modules/logform/combine.js:20:24)\n    at File._write (/Users/shubhambakhal/BE_Project/backend/node_modules/winston-transport/index.js:91:33)\n    at doWrite (/Users/shubhambakhal/BE_Project/backend/node_modules/readable-stream/lib/_stream_writable.js:389:139)\n    at writeOrBuffer (/Users/shubhambakhal/BE_Project/backend/node_modules/readable-stream/lib/_stream_writable.js:380:5)\n    at File.Writable.write (/Users/shubhambakhal/BE_Project/backend/node_modules/readable-stream/lib/_stream_writable.js:301:11)\n    at DerivedLogger.ondata (/Users/shubhambakhal/BE_Project/backend/node_modules/readable-stream/lib/_stream_readable.js:629:20)\n    at DerivedLogger.emit (node:events:513:28)"
}
2023-05-17 23:40:15 [[31merror[39m]: uncaughtException Converting circular structure to JSON
    --> starting at object with constructor 'ClientRequest'
    |     property 'res' -> object with constructor 'IncomingMessage'
    --- property 'req' closes the circle {
  "stack": "TypeError: Converting circular structure to JSON\n    --> starting at object with constructor 'ClientRequest'\n    |     property 'res' -> object with constructor 'IncomingMessage'\n    --- property 'req' closes the circle\n    at JSON.stringify (<anonymous>)\n    at Printf.template (/Users/shubhambakhal/BE_Project/backend/src/utils/logger.ts:28:87)\n    at Printf.transform (/Users/shubhambakhal/BE_Project/backend/node_modules/logform/printf.js:11:26)\n    at Format.transform (/Users/shubhambakhal/BE_Project/backend/node_modules/logform/combine.js:20:24)\n    at File._write (/Users/shubhambakhal/BE_Project/backend/node_modules/winston-transport/index.js:91:33)\n    at doWrite (/Users/shubhambakhal/BE_Project/backend/node_modules/readable-stream/lib/_stream_writable.js:389:139)\n    at writeOrBuffer (/Users/shubhambakhal/BE_Project/backend/node_modules/readable-stream/lib/_stream_writable.js:380:5)\n    at File.Writable.write (/Users/shubhambakhal/BE_Project/backend/node_modules/readable-stream/lib/_stream_writable.js:301:11)\n    at DerivedLogger.ondata (/Users/shubhambakhal/BE_Project/backend/node_modules/readable-stream/lib/_stream_readable.js:629:20)\n    at DerivedLogger.emit (node:events:513:28)"
}
2023-05-17 23:42:18 [[31merror[39m]: uncaughtException Converting circular structure to JSON
    --> starting at object with constructor 'ClientRequest'
    |     property 'res' -> object with constructor 'IncomingMessage'
    --- property 'req' closes the circle {
  "stack": "TypeError: Converting circular structure to JSON\n    --> starting at object with constructor 'ClientRequest'\n    |     property 'res' -> object with constructor 'IncomingMessage'\n    --- property 'req' closes the circle\n    at JSON.stringify (<anonymous>)\n    at Printf.template (/Users/shubhambakhal/BE_Project/backend/src/utils/logger.ts:28:87)\n    at Printf.transform (/Users/shubhambakhal/BE_Project/backend/node_modules/logform/printf.js:11:26)\n    at Format.transform (/Users/shubhambakhal/BE_Project/backend/node_modules/logform/combine.js:20:24)\n    at File._write (/Users/shubhambakhal/BE_Project/backend/node_modules/winston-transport/index.js:91:33)\n    at doWrite (/Users/shubhambakhal/BE_Project/backend/node_modules/readable-stream/lib/_stream_writable.js:389:139)\n    at writeOrBuffer (/Users/shubhambakhal/BE_Project/backend/node_modules/readable-stream/lib/_stream_writable.js:380:5)\n    at File.Writable.write (/Users/shubhambakhal/BE_Project/backend/node_modules/readable-stream/lib/_stream_writable.js:301:11)\n    at DerivedLogger.ondata (/Users/shubhambakhal/BE_Project/backend/node_modules/readable-stream/lib/_stream_readable.js:629:20)\n    at DerivedLogger.emit (node:events:513:28)"
}
2023-05-17 23:43:53 [[31merror[39m]: uncaughtException Converting circular structure to JSON
    --> starting at object with constructor 'ClientRequest'
    |     property 'res' -> object with constructor 'IncomingMessage'
    --- property 'req' closes the circle {
  "stack": "TypeError: Converting circular structure to JSON\n    --> starting at object with constructor 'ClientRequest'\n    |     property 'res' -> object with constructor 'IncomingMessage'\n    --- property 'req' closes the circle\n    at JSON.stringify (<anonymous>)\n    at Printf.template (/Users/shubhambakhal/BE_Project/backend/src/utils/logger.ts:28:87)\n    at Printf.transform (/Users/shubhambakhal/BE_Project/backend/node_modules/logform/printf.js:11:26)\n    at Format.transform (/Users/shubhambakhal/BE_Project/backend/node_modules/logform/combine.js:20:24)\n    at File._write (/Users/shubhambakhal/BE_Project/backend/node_modules/winston-transport/index.js:91:33)\n    at doWrite (/Users/shubhambakhal/BE_Project/backend/node_modules/readable-stream/lib/_stream_writable.js:389:139)\n    at writeOrBuffer (/Users/shubhambakhal/BE_Project/backend/node_modules/readable-stream/lib/_stream_writable.js:380:5)\n    at File.Writable.write (/Users/shubhambakhal/BE_Project/backend/node_modules/readable-stream/lib/_stream_writable.js:301:11)\n    at DerivedLogger.ondata (/Users/shubhambakhal/BE_Project/backend/node_modules/readable-stream/lib/_stream_readable.js:629:20)\n    at DerivedLogger.emit (node:events:513:28)"
}
2023-05-17 23:45:38 [[31merror[39m]: uncaughtException Converting circular structure to JSON
    --> starting at object with constructor 'ClientRequest'
    |     property 'res' -> object with constructor 'IncomingMessage'
    --- property 'req' closes the circle {
  "stack": "TypeError: Converting circular structure to JSON\n    --> starting at object with constructor 'ClientRequest'\n    |     property 'res' -> object with constructor 'IncomingMessage'\n    --- property 'req' closes the circle\n    at JSON.stringify (<anonymous>)\n    at Printf.template (/Users/shubhambakhal/BE_Project/backend/src/utils/logger.ts:28:87)\n    at Printf.transform (/Users/shubhambakhal/BE_Project/backend/node_modules/logform/printf.js:11:26)\n    at Format.transform (/Users/shubhambakhal/BE_Project/backend/node_modules/logform/combine.js:20:24)\n    at File._write (/Users/shubhambakhal/BE_Project/backend/node_modules/winston-transport/index.js:91:33)\n    at doWrite (/Users/shubhambakhal/BE_Project/backend/node_modules/readable-stream/lib/_stream_writable.js:389:139)\n    at writeOrBuffer (/Users/shubhambakhal/BE_Project/backend/node_modules/readable-stream/lib/_stream_writable.js:380:5)\n    at File.Writable.write (/Users/shubhambakhal/BE_Project/backend/node_modules/readable-stream/lib/_stream_writable.js:301:11)\n    at DerivedLogger.ondata (/Users/shubhambakhal/BE_Project/backend/node_modules/readable-stream/lib/_stream_readable.js:629:20)\n    at DerivedLogger.emit (node:events:513:28)"
}
2023-05-17 23:46:41 [[31merror[39m]: uncaughtException Converting circular structure to JSON
    --> starting at object with constructor 'ClientRequest'
    |     property 'res' -> object with constructor 'IncomingMessage'
    --- property 'req' closes the circle {
  "stack": "TypeError: Converting circular structure to JSON\n    --> starting at object with constructor 'ClientRequest'\n    |     property 'res' -> object with constructor 'IncomingMessage'\n    --- property 'req' closes the circle\n    at JSON.stringify (<anonymous>)\n    at Printf.template (/Users/shubhambakhal/BE_Project/backend/src/utils/logger.ts:28:87)\n    at Printf.transform (/Users/shubhambakhal/BE_Project/backend/node_modules/logform/printf.js:11:26)\n    at Format.transform (/Users/shubhambakhal/BE_Project/backend/node_modules/logform/combine.js:20:24)\n    at File._write (/Users/shubhambakhal/BE_Project/backend/node_modules/winston-transport/index.js:91:33)\n    at doWrite (/Users/shubhambakhal/BE_Project/backend/node_modules/readable-stream/lib/_stream_writable.js:389:139)\n    at writeOrBuffer (/Users/shubhambakhal/BE_Project/backend/node_modules/readable-stream/lib/_stream_writable.js:380:5)\n    at File.Writable.write (/Users/shubhambakhal/BE_Project/backend/node_modules/readable-stream/lib/_stream_writable.js:301:11)\n    at DerivedLogger.ondata (/Users/shubhambakhal/BE_Project/backend/node_modules/readable-stream/lib/_stream_readable.js:629:20)\n    at DerivedLogger.emit (node:events:513:28)"
}
2023-05-17 23:47:56 [[31merror[39m]: uncaughtException Converting circular structure to JSON
    --> starting at object with constructor 'ClientRequest'
    |     property 'res' -> object with constructor 'IncomingMessage'
    --- property 'req' closes the circle {
  "stack": "TypeError: Converting circular structure to JSON\n    --> starting at object with constructor 'ClientRequest'\n    |     property 'res' -> object with constructor 'IncomingMessage'\n    --- property 'req' closes the circle\n    at JSON.stringify (<anonymous>)\n    at Printf.template (/Users/shubhambakhal/BE_Project/backend/src/utils/logger.ts:28:87)\n    at Printf.transform (/Users/shubhambakhal/BE_Project/backend/node_modules/logform/printf.js:11:26)\n    at Format.transform (/Users/shubhambakhal/BE_Project/backend/node_modules/logform/combine.js:20:24)\n    at File._write (/Users/shubhambakhal/BE_Project/backend/node_modules/winston-transport/index.js:91:33)\n    at doWrite (/Users/shubhambakhal/BE_Project/backend/node_modules/readable-stream/lib/_stream_writable.js:389:139)\n    at writeOrBuffer (/Users/shubhambakhal/BE_Project/backend/node_modules/readable-stream/lib/_stream_writable.js:380:5)\n    at File.Writable.write (/Users/shubhambakhal/BE_Project/backend/node_modules/readable-stream/lib/_stream_writable.js:301:11)\n    at DerivedLogger.ondata (/Users/shubhambakhal/BE_Project/backend/node_modules/readable-stream/lib/_stream_readable.js:629:20)\n    at DerivedLogger.emit (node:events:513:28)"
}
2023-05-17 23:49:51 [[31merror[39m]: uncaughtException Converting circular structure to JSON
    --> starting at object with constructor 'ClientRequest'
    |     property 'res' -> object with constructor 'IncomingMessage'
    --- property 'req' closes the circle {
  "stack": "TypeError: Converting circular structure to JSON\n    --> starting at object with constructor 'ClientRequest'\n    |     property 'res' -> object with constructor 'IncomingMessage'\n    --- property 'req' closes the circle\n    at JSON.stringify (<anonymous>)\n    at Printf.template (/Users/shubhambakhal/BE_Project/backend/src/utils/logger.ts:28:87)\n    at Printf.transform (/Users/shubhambakhal/BE_Project/backend/node_modules/logform/printf.js:11:26)\n    at Format.transform (/Users/shubhambakhal/BE_Project/backend/node_modules/logform/combine.js:20:24)\n    at File._write (/Users/shubhambakhal/BE_Project/backend/node_modules/winston-transport/index.js:91:33)\n    at doWrite (/Users/shubhambakhal/BE_Project/backend/node_modules/readable-stream/lib/_stream_writable.js:389:139)\n    at writeOrBuffer (/Users/shubhambakhal/BE_Project/backend/node_modules/readable-stream/lib/_stream_writable.js:380:5)\n    at File.Writable.write (/Users/shubhambakhal/BE_Project/backend/node_modules/readable-stream/lib/_stream_writable.js:301:11)\n    at DerivedLogger.ondata (/Users/shubhambakhal/BE_Project/backend/node_modules/readable-stream/lib/_stream_readable.js:629:20)\n    at DerivedLogger.emit (node:events:513:28)"
}
2023-05-28 11:20:47 [[31merror[39m]: uncaughtException Converting circular structure to JSON
    --> starting at object with constructor 'ClientRequest'
    |     property 'res' -> object with constructor 'IncomingMessage'
    --- property 'req' closes the circle {
  "stack": "TypeError: Converting circular structure to JSON\n    --> starting at object with constructor 'ClientRequest'\n    |     property 'res' -> object with constructor 'IncomingMessage'\n    --- property 'req' closes the circle\n    at JSON.stringify (<anonymous>)\n    at Printf.template (/Users/shubhambakhal/BE_Project/backend/src/utils/logger.ts:28:87)\n    at Printf.transform (/Users/shubhambakhal/BE_Project/backend/node_modules/logform/printf.js:11:26)\n    at Format.transform (/Users/shubhambakhal/BE_Project/backend/node_modules/logform/combine.js:20:24)\n    at File._write (/Users/shubhambakhal/BE_Project/backend/node_modules/winston-transport/index.js:91:33)\n    at doWrite (/Users/shubhambakhal/BE_Project/backend/node_modules/readable-stream/lib/_stream_writable.js:389:139)\n    at writeOrBuffer (/Users/shubhambakhal/BE_Project/backend/node_modules/readable-stream/lib/_stream_writable.js:380:5)\n    at File.Writable.write (/Users/shubhambakhal/BE_Project/backend/node_modules/readable-stream/lib/_stream_writable.js:301:11)\n    at DerivedLogger.ondata (/Users/shubhambakhal/BE_Project/backend/node_modules/readable-stream/lib/_stream_readable.js:629:20)\n    at DerivedLogger.emit (node:events:513:28)"
}
2023-05-28 11:21:48 [[31merror[39m]: uncaughtException Converting circular structure to JSON
    --> starting at object with constructor 'ClientRequest'
    |     property 'res' -> object with constructor 'IncomingMessage'
    --- property 'req' closes the circle {
  "stack": "TypeError: Converting circular structure to JSON\n    --> starting at object with constructor 'ClientRequest'\n    |     property 'res' -> object with constructor 'IncomingMessage'\n    --- property 'req' closes the circle\n    at JSON.stringify (<anonymous>)\n    at Printf.template (/Users/shubhambakhal/BE_Project/backend/src/utils/logger.ts:28:87)\n    at Printf.transform (/Users/shubhambakhal/BE_Project/backend/node_modules/logform/printf.js:11:26)\n    at Format.transform (/Users/shubhambakhal/BE_Project/backend/node_modules/logform/combine.js:20:24)\n    at File._write (/Users/shubhambakhal/BE_Project/backend/node_modules/winston-transport/index.js:91:33)\n    at doWrite (/Users/shubhambakhal/BE_Project/backend/node_modules/readable-stream/lib/_stream_writable.js:389:139)\n    at writeOrBuffer (/Users/shubhambakhal/BE_Project/backend/node_modules/readable-stream/lib/_stream_writable.js:380:5)\n    at File.Writable.write (/Users/shubhambakhal/BE_Project/backend/node_modules/readable-stream/lib/_stream_writable.js:301:11)\n    at DerivedLogger.ondata (/Users/shubhambakhal/BE_Project/backend/node_modules/readable-stream/lib/_stream_readable.js:629:20)\n    at DerivedLogger.emit (node:events:513:28)"
}
2023-05-28 11:24:05 [[31merror[39m]: uncaughtException Converting circular structure to JSON
    --> starting at object with constructor 'ClientRequest'
    |     property 'res' -> object with constructor 'IncomingMessage'
    --- property 'req' closes the circle {
  "stack": "TypeError: Converting circular structure to JSON\n    --> starting at object with constructor 'ClientRequest'\n    |     property 'res' -> object with constructor 'IncomingMessage'\n    --- property 'req' closes the circle\n    at JSON.stringify (<anonymous>)\n    at Printf.template (/Users/shubhambakhal/BE_Project/backend/src/utils/logger.ts:28:87)\n    at Printf.transform (/Users/shubhambakhal/BE_Project/backend/node_modules/logform/printf.js:11:26)\n    at Format.transform (/Users/shubhambakhal/BE_Project/backend/node_modules/logform/combine.js:20:24)\n    at File._write (/Users/shubhambakhal/BE_Project/backend/node_modules/winston-transport/index.js:91:33)\n    at doWrite (/Users/shubhambakhal/BE_Project/backend/node_modules/readable-stream/lib/_stream_writable.js:389:139)\n    at writeOrBuffer (/Users/shubhambakhal/BE_Project/backend/node_modules/readable-stream/lib/_stream_writable.js:380:5)\n    at File.Writable.write (/Users/shubhambakhal/BE_Project/backend/node_modules/readable-stream/lib/_stream_writable.js:301:11)\n    at DerivedLogger.ondata (/Users/shubhambakhal/BE_Project/backend/node_modules/readable-stream/lib/_stream_readable.js:629:20)\n    at DerivedLogger.emit (node:events:513:28)"
}
2023-05-28 11:24:17 [[31merror[39m]: uncaughtException Converting circular structure to JSON
    --> starting at object with constructor 'ClientRequest'
    |     property 'res' -> object with constructor 'IncomingMessage'
    --- property 'req' closes the circle {
  "stack": "TypeError: Converting circular structure to JSON\n    --> starting at object with constructor 'ClientRequest'\n    |     property 'res' -> object with constructor 'IncomingMessage'\n    --- property 'req' closes the circle\n    at JSON.stringify (<anonymous>)\n    at Printf.template (/Users/shubhambakhal/BE_Project/backend/src/utils/logger.ts:28:87)\n    at Printf.transform (/Users/shubhambakhal/BE_Project/backend/node_modules/logform/printf.js:11:26)\n    at Format.transform (/Users/shubhambakhal/BE_Project/backend/node_modules/logform/combine.js:20:24)\n    at File._write (/Users/shubhambakhal/BE_Project/backend/node_modules/winston-transport/index.js:91:33)\n    at doWrite (/Users/shubhambakhal/BE_Project/backend/node_modules/readable-stream/lib/_stream_writable.js:389:139)\n    at writeOrBuffer (/Users/shubhambakhal/BE_Project/backend/node_modules/readable-stream/lib/_stream_writable.js:380:5)\n    at File.Writable.write (/Users/shubhambakhal/BE_Project/backend/node_modules/readable-stream/lib/_stream_writable.js:301:11)\n    at DerivedLogger.ondata (/Users/shubhambakhal/BE_Project/backend/node_modules/readable-stream/lib/_stream_readable.js:629:20)\n    at DerivedLogger.emit (node:events:513:28)"
}
